[debug] [2022-02-24T02:19:21.412Z] ----------------------------------------------------------------------
[debug] [2022-02-24T02:19:21.414Z] Command:       /Users/fred/.nvm/versions/node/v14.17.4/bin/node /Users/fred/.nvm/versions/node/v14.17.4/bin/firebase deploy
[debug] [2022-02-24T02:19:21.415Z] CLI Version:   10.1.4
[debug] [2022-02-24T02:19:21.415Z] Platform:      darwin
[debug] [2022-02-24T02:19:21.415Z] Node Version:  v14.17.4
[debug] [2022-02-24T02:19:21.416Z] Time:          Wed Feb 23 2022 21:19:21 GMT-0500 (Eastern Standard Time)
[debug] [2022-02-24T02:19:21.416Z] ----------------------------------------------------------------------
[debug] 
[debug] [2022-02-24T02:19:21.474Z] > command requires scopes: ["email","openid","https://www.googleapis.com/auth/cloudplatformprojects.readonly","https://www.googleapis.com/auth/firebase","https://www.googleapis.com/auth/cloud-platform"]
[debug] [2022-02-24T02:19:21.474Z] > authorizing via signed-in user (frederic.begin.fb@gmail.com)
[debug] [2022-02-24T02:19:21.474Z] [iam] checking project rate-my-riff-a78c7 for permissions ["firebase.projects.get","firebasehosting.sites.update"]
[debug] [2022-02-24T02:19:21.475Z] > refreshing access token with scopes: []
[debug] [2022-02-24T02:19:21.476Z] >>> HTTP REQUEST POST https://www.googleapis.com/oauth2/v3/token  
 <request body omitted>
[debug] [2022-02-24T02:19:21.617Z] <<< HTTP RESPONSE 200 {"pragma":"no-cache","expires":"Mon, 01 Jan 1990 00:00:00 GMT","date":"Thu, 24 Feb 2022 02:19:21 GMT","cache-control":"no-cache, no-store, max-age=0, must-revalidate","content-type":"application/json; charset=utf-8","vary":"X-Origin, Referer, Origin,Accept-Encoding","server":"scaffolding on HTTPServer2","x-xss-protection":"0","x-frame-options":"SAMEORIGIN","x-content-type-options":"nosniff","alt-svc":"h3=\":443\"; ma=2592000,h3-29=\":443\"; ma=2592000,h3-Q050=\":443\"; ma=2592000,h3-Q046=\":443\"; ma=2592000,h3-Q043=\":443\"; ma=2592000,quic=\":443\"; ma=2592000; v=\"46,43\"","accept-ranges":"none","transfer-encoding":"chunked"}
[debug] [2022-02-24T02:19:21.670Z] >>> [apiv2][query] POST https://cloudresourcemanager.googleapis.com/v1/projects/rate-my-riff-a78c7:testIamPermissions [none]
[debug] [2022-02-24T02:19:21.670Z] >>> [apiv2][body] POST https://cloudresourcemanager.googleapis.com/v1/projects/rate-my-riff-a78c7:testIamPermissions {"permissions":["firebase.projects.get","firebasehosting.sites.update"]}
[debug] [2022-02-24T02:19:21.896Z] <<< [apiv2][status] POST https://cloudresourcemanager.googleapis.com/v1/projects/rate-my-riff-a78c7:testIamPermissions 200
[debug] [2022-02-24T02:19:21.897Z] <<< [apiv2][body] POST https://cloudresourcemanager.googleapis.com/v1/projects/rate-my-riff-a78c7:testIamPermissions {"permissions":["firebase.projects.get","firebasehosting.sites.update"]}
[debug] [2022-02-24T02:19:21.898Z] >>> [apiv2][query] GET https://firebase.googleapis.com/v1beta1/projects/rate-my-riff-a78c7 [none]
[debug] [2022-02-24T02:19:22.401Z] <<< [apiv2][status] GET https://firebase.googleapis.com/v1beta1/projects/rate-my-riff-a78c7 200
[debug] [2022-02-24T02:19:22.402Z] <<< [apiv2][body] GET https://firebase.googleapis.com/v1beta1/projects/rate-my-riff-a78c7 {"projectId":"rate-my-riff-a78c7","projectNumber":"232960243382","displayName":"rate-my-riff","name":"projects/rate-my-riff-a78c7","resources":{"hostingSite":"rate-my-riff-a78c7","realtimeDatabaseInstance":"rate-my-riff-a78c7-default-rtdb","storageBucket":"rate-my-riff-a78c7.appspot.com","locationId":"us-central"},"state":"ACTIVE"}
[info] 
[info] === Deploying to 'rate-my-riff-a78c7'...
[info] 
[info] i  deploying hosting 
[debug] [2022-02-24T02:19:22.408Z] > refreshing access token with scopes: ["email","https://www.googleapis.com/auth/cloud-platform","https://www.googleapis.com/auth/cloudplatformprojects.readonly","https://www.googleapis.com/auth/firebase","openid"]
[debug] [2022-02-24T02:19:22.408Z] >>> HTTP REQUEST POST https://www.googleapis.com/oauth2/v3/token  
 <request body omitted>
